<?xml version="1.0" encoding="UTF-8"?>
<!-- Generated by org.testng.reporters.JUnitXMLReporter -->
<testsuite ignored="0" hostname="LMMUMLP1091" failures="0" tests="2" name="Edge_Test" time="200.187" errors="0" timestamp="2024-01-24T17:48:36 IST">
  <testcase classname="Labs.Lab14withTestNG" name="Test" time="0.0">
    <skipped/>
  </testcase> <!-- Test -->
  <testcase classname="Labs.Lab14withTestNG" name="Test" time="0.0">
    <skipped/>
  </testcase> <!-- Test -->
</testsuite> <!-- Edge_Test -->
