<?xml version="1.0" encoding="UTF-8"?>
<!-- Generated by org.testng.reporters.JUnitXMLReporter -->
<testsuite ignored="0" hostname="LMMUMLP1091" failures="1" tests="2" name="Firefox_Test" time="202.194" errors="0" timestamp="2024-01-24T17:45:16 IST">
  <testcase classname="Labs.Lab14withTestNG" name="Test" time="8.221">
    <failure type="org.openqa.selenium.ElementNotInteractableException" message="Element &amp;lt;input id=&amp;quot;input-newsletter-yes&amp;quot; class=&amp;quot;form-check-input&amp;quot; name=&amp;quot;newsletter&amp;quot; type=&amp;quot;radio&amp;quot;&amp;gt; could not be scrolled into view
Build info: version: &amp;apos;4.16.1&amp;apos;, revision: &amp;apos;9b4c83354e&amp;apos;
System info: os.name: &amp;apos;Windows 11&amp;apos;, os.arch: &amp;apos;amd64&amp;apos;, os.version: &amp;apos;10.0&amp;apos;, java.version: &amp;apos;17.0.9&amp;apos;
Driver info: org.openqa.selenium.firefox.FirefoxDriver
Command: [c44b0277-df0f-4718-8fb0-605fa08e8a85, clickElement {id=f7d610f8-1fc5-4ad0-9405-e67e62be7404}]
Capabilities {acceptInsecureCerts: true, browserName: firefox, browserVersion: 121.0.1, moz:accessibilityChecks: false, moz:buildID: 20240108143603, moz:debuggerAddress: 127.0.0.1:22467, moz:geckodriverVersion: 0.34.0, moz:headless: false, moz:platformVersion: 10.0, moz:processID: 28356, moz:profile: C:\Users\RUSHIK~1.AUT\AppDa..., moz:shutdownTimeout: 60000, moz:webdriverClick: true, moz:windowless: false, pageLoadStrategy: normal, platformName: windows, proxy: Proxy(), se:cdp: ws://127.0.0.1:22467/devtoo..., se:cdpVersion: 85.0, setWindowRect: true, strictFileInteractability: false, timeouts: {implicit: 0, pageLoad: 300000, script: 30000}, unhandledPromptBehavior: dismiss and notify}
Element: [[FirefoxDriver: firefox on windows (c44b0277-df0f-4718-8fb0-605fa08e8a85)] -&amp;gt; id: input-newsletter-yes]
Session ID: c44b0277-df0f-4718-8fb0-605fa08e8a85">
      <![CDATA[org.openqa.selenium.ElementNotInteractableException: Element <input id="input-newsletter-yes" class="form-check-input" name="newsletter" type="radio"> could not be scrolled into view
Build info: version: '4.16.1', revision: '9b4c83354e'
System info: os.name: 'Windows 11', os.arch: 'amd64', os.version: '10.0', java.version: '17.0.9'
Driver info: org.openqa.selenium.firefox.FirefoxDriver
Command: [c44b0277-df0f-4718-8fb0-605fa08e8a85, clickElement {id=f7d610f8-1fc5-4ad0-9405-e67e62be7404}]
Capabilities {acceptInsecureCerts: true, browserName: firefox, browserVersion: 121.0.1, moz:accessibilityChecks: false, moz:buildID: 20240108143603, moz:debuggerAddress: 127.0.0.1:22467, moz:geckodriverVersion: 0.34.0, moz:headless: false, moz:platformVersion: 10.0, moz:processID: 28356, moz:profile: C:\Users\RUSHIK~1.AUT\AppDa..., moz:shutdownTimeout: 60000, moz:webdriverClick: true, moz:windowless: false, pageLoadStrategy: normal, platformName: windows, proxy: Proxy(), se:cdp: ws://127.0.0.1:22467/devtoo..., se:cdpVersion: 85.0, setWindowRect: true, strictFileInteractability: false, timeouts: {implicit: 0, pageLoad: 300000, script: 30000}, unhandledPromptBehavior: dismiss and notify}
Element: [[FirefoxDriver: firefox on windows (c44b0277-df0f-4718-8fb0-605fa08e8a85)] -> id: input-newsletter-yes]
Session ID: c44b0277-df0f-4718-8fb0-605fa08e8a85
at org.openqa.selenium.remote.codec.w3c.W3CHttpResponseCodec.createException(W3CHttpResponseCodec.java:200)
at org.openqa.selenium.remote.codec.w3c.W3CHttpResponseCodec.decode(W3CHttpResponseCodec.java:133)
at org.openqa.selenium.remote.codec.w3c.W3CHttpResponseCodec.decode(W3CHttpResponseCodec.java:52)
at org.openqa.selenium.remote.HttpCommandExecutor.execute(HttpCommandExecutor.java:191)
at org.openqa.selenium.remote.service.DriverCommandExecutor.invokeExecute(DriverCommandExecutor.java:200)
at org.openqa.selenium.remote.service.DriverCommandExecutor.execute(DriverCommandExecutor.java:175)
at org.openqa.selenium.remote.RemoteWebDriver.execute(RemoteWebDriver.java:523)
at org.openqa.selenium.remote.RemoteWebElement.execute(RemoteWebElement.java:224)
at org.openqa.selenium.remote.RemoteWebElement.click(RemoteWebElement.java:77)
at Labs.Lab14POM.enterradioButton(Lab14POM.java:58)
at Labs.Lab14withTestNG.Test(Lab14withTestNG.java:176)
at java.base/java.util.ArrayList.forEach(ArrayList.java:1511)
... Removed 32 stack frames]]>
    </failure>
  </testcase> <!-- Test -->
  <testcase classname="Labs.Lab14withTestNG" name="Test" time="0.0">
    <skipped/>
  </testcase> <!-- Test -->
</testsuite> <!-- Firefox_Test -->
