<?xml version="1.0" encoding="UTF-8"?>
<!-- Generated by org.testng.reporters.JUnitXMLReporter -->
<testsuite ignored="2" hostname="LMMUMLP1091" failures="0" tests="3" name="Test" time="0.292" errors="0" timestamp="2024-01-25T10:47:49 IST">
  <testcase classname="TestNCuc.MultipleTestr" name="test4" time="0.03"/>
  <testcase classname="TestNCuc.MultipleTestr" name="test2" time="0.004"/>
  <testcase classname="TestNCuc.Multipletest2" name="test2" time="0.005"/>
  <testcase classname="TestNCuc.MultipleTestr" name="test3" time="0.0">
    <ignored/>
  </testcase> <!-- test3 -->
  <testcase classname="TestNCuc.MultipleTestr" name="test1" time="0.0">
    <ignored/>
  </testcase> <!-- test1 -->
</testsuite> <!-- Test -->
